{"timestamp":"2025-08-04 07:12:56","level":"WARNING","message":"Authentication: Session timeout","ip":"::1","user":11,"url":"\/projects\/snackoh\/sales-list.php","context":{"user":11,"success":false,"type":"authentication"}}
{"timestamp":"2025-08-04 07:13:00","level":"INFO","message":"Authentication: Successful login","ip":"::1","user":11,"url":"\/projects\/snackoh\/login.php","context":{"user":"geomaxm@gmail.com","success":true,"type":"authentication"}}
{"timestamp":"2025-08-04 09:22:20","level":"WARNING","message":"Authentication: Session timeout","ip":"::1","user":11,"url":"\/projects\/snackoh\/product-list.php","context":{"user":11,"success":false,"type":"authentication"}}
{"timestamp":"2025-08-04 09:22:40","level":"INFO","message":"Authentication: Successful login","ip":"::1","user":11,"url":"\/projects\/snackoh\/login.php","context":{"user":"geomaxm@gmail.com","success":true,"type":"authentication"}}
{"timestamp":"2025-08-04 10:42:21","level":"WARNING","message":"Authentication: Session timeout","ip":"::1","user":11,"url":"\/projects\/snackoh\/product-list.php","context":{"user":11,"success":false,"type":"authentication"}}
{"timestamp":"2025-08-04 10:42:36","level":"INFO","message":"Authentication: Successful login","ip":"::1","user":11,"url":"\/projects\/snackoh\/login.php","context":{"user":"geomaxm@gmail.com","success":true,"type":"authentication"}}
{"timestamp":"2025-08-04 11:38:36","level":"WARNING","message":"Authentication: Session timeout","ip":"::1","user":11,"url":"\/projects\/snackoh\/pos_sessions.php?opening_amount=2000&notes=morning+test","context":{"user":11,"success":false,"type":"authentication"}}
{"timestamp":"2025-08-04 11:41:39","level":"INFO","message":"Authentication: Successful login","ip":"::1","user":11,"url":"\/projects\/snackoh\/login.php","context":{"user":"geomaxm@gmail.com","success":true,"type":"authentication"}}
{"timestamp":"2025-08-04 13:29:25","level":"WARNING","message":"Authentication: Session timeout","ip":"::1","user":11,"url":"\/projects\/snackoh\/roles_permissions.php","context":{"user":11,"success":false,"type":"authentication"}}
{"timestamp":"2025-08-04 13:29:28","level":"INFO","message":"Authentication: Successful login","ip":"::1","user":11,"url":"\/projects\/snackoh\/login.php","context":{"user":"geomaxm@gmail.com","success":true,"type":"authentication"}}
{"timestamp":"2025-08-04 15:45:00","level":"WARNING","message":"Authentication: Session timeout","ip":"::1","user":11,"url":"\/projects\/snackoh\/roles_permissions.php","context":{"user":11,"success":false,"type":"authentication"}}
{"timestamp":"2025-08-04 15:45:04","level":"INFO","message":"Authentication: Successful login","ip":"::1","user":11,"url":"\/projects\/snackoh\/login.php","context":{"user":"geomaxm@gmail.com","success":true,"type":"authentication"}}
{"timestamp":"2025-08-04 17:28:44","level":"WARNING","message":"Authentication: Session timeout","ip":"::1","user":11,"url":"\/projects\/snackoh\/","context":{"user":11,"success":false,"type":"authentication"}}
{"timestamp":"2025-08-04 17:28:48","level":"INFO","message":"Authentication: Successful login","ip":"::1","user":11,"url":"\/projects\/snackoh\/login.php","context":{"user":"geomaxm@gmail.com","success":true,"type":"authentication"}}
{"timestamp":"2025-08-04 19:30:44","level":"WARNING","message":"Authentication: Session timeout","ip":"::1","user":11,"url":"\/projects\/snackoh\/sales-dashboard.php","context":{"user":11,"success":false,"type":"authentication"}}
{"timestamp":"2025-08-04 19:34:38","level":"INFO","message":"Authentication: Successful login","ip":"::1","user":11,"url":"\/projects\/snackoh\/login.php","context":{"user":"geomaxm@gmail.com","success":true,"type":"authentication"}}
{"timestamp":"2025-08-04 20:55:49","level":"WARNING","message":"Authentication: Session timeout","ip":"::1","user":11,"url":"\/projects\/snackoh\/sales-dashboard.php","context":{"user":11,"success":false,"type":"authentication"}}
{"timestamp":"2025-08-04 20:55:52","level":"INFO","message":"Authentication: Successful login","ip":"::1","user":11,"url":"\/projects\/snackoh\/login.php","context":{"user":"geomaxm@gmail.com","success":true,"type":"authentication"}}
{"timestamp":"2025-08-04 21:57:39","level":"WARNING","message":"Authentication: Session timeout","ip":"::1","user":11,"url":"\/projects\/snackoh\/production_reports.php","context":{"user":11,"success":false,"type":"authentication"}}
{"timestamp":"2025-08-04 21:57:45","level":"INFO","message":"Authentication: Successful login","ip":"::1","user":11,"url":"\/projects\/snackoh\/login.php","context":{"user":"geomaxm@gmail.com","success":true,"type":"authentication"}}
{"timestamp":"2025-08-05 05:14:18","level":"WARNING","message":"Authentication: Session timeout","ip":"::1","user":11,"url":"\/projects\/snackoh\/production_reports.php","context":{"user":11,"success":false,"type":"authentication"}}
{"timestamp":"2025-08-05 06:00:06","level":"INFO","message":"Authentication: Successful login","ip":"::1","user":11,"url":"\/projects\/snackoh\/login.php","context":{"user":"geomaxm@gmail.com","success":true,"type":"authentication"}}
{"timestamp":"2025-08-05 09:22:56","level":"WARNING","message":"Authentication: Session timeout","ip":"::1","user":11,"url":"\/projects\/snackoh\/pos.php","context":{"user":11,"success":false,"type":"authentication"}}
{"timestamp":"2025-08-05 12:16:54","level":"INFO","message":"Authentication: Successful login","ip":"::1","user":11,"url":"\/projects\/snackoh\/login.php","context":{"user":"geomaxm@gmail.com","success":true,"type":"authentication"}}
{"timestamp":"2025-08-05 17:47:09","level":"WARNING","message":"Authentication: Session timeout","ip":"::1","user":11,"url":"\/projects\/snackoh\/creditors.php","context":{"user":11,"success":false,"type":"authentication"}}
{"timestamp":"2025-08-05 17:47:12","level":"INFO","message":"Authentication: Successful login","ip":"::1","user":11,"url":"\/projects\/snackoh\/login.php","context":{"user":"geomaxm@gmail.com","success":true,"type":"authentication"}}
{"timestamp":"2025-08-05 19:51:26","level":"WARNING","message":"Authentication: Session timeout","ip":"::1","user":11,"url":"\/projects\/snackoh\/suppliers.php","context":{"user":11,"success":false,"type":"authentication"}}
{"timestamp":"2025-08-05 19:51:28","level":"INFO","message":"Authentication: Successful login","ip":"::1","user":11,"url":"\/projects\/snackoh\/login.php","context":{"user":"geomaxm@gmail.com","success":true,"type":"authentication"}}
{"timestamp":"2025-08-05 22:01:13","level":"WARNING","message":"Authentication: Session timeout","ip":"::1","user":11,"url":"\/projects\/snackoh\/pos.php","context":{"user":11,"success":false,"type":"authentication"}}
{"timestamp":"2025-08-05 22:01:16","level":"INFO","message":"Authentication: Successful login","ip":"::1","user":11,"url":"\/projects\/snackoh\/login.php","context":{"user":"geomaxm@gmail.com","success":true,"type":"authentication"}}
